# JRE version: Java(TM) SE Runtime Environment (8.0_231-b11) (build 1.8.0_231-b11)
# Java VM: Java HotSpot(TM) 64-Bit Server VM (25.231-b11 mixed mode linux-amd64 compressed oops)
Heap:
 PSYoungGen      total 125952K, used 2780K [0x00000000eb980000, 0x00000000f3e00000, 0x0000000100000000)
  eden space 116736K, 0% used [0x00000000eb980000,0x00000000eb980000,0x00000000f2b80000)
  from space 9216K, 30% used [0x00000000f3500000,0x00000000f37b73f0,0x00000000f3e00000)
  to   space 3072K, 0% used [0x00000000f2f80000,0x00000000f2f80000,0x00000000f3280000)
 ParOldGen       total 38400K, used 10572K [0x00000000c2c00000, 0x00000000c5180000, 0x00000000eb980000)
  object space 38400K, 27% used [0x00000000c2c00000,0x00000000c3653030,0x00000000c5180000)
 Metaspace       used 23214K, capacity 23714K, committed 24192K, reserved 1071104K
  class space    used 2702K, capacity 2856K, committed 2944K, reserved 1048576K
GC Heap History (10 events):
Event: 1,630 GC heap after
Heap after GC invocations=6 (full 0):
 PSYoungGen      total 70144K, used 6051K [0x00000000eb980000, 0x00000000f0680000, 0x0000000100000000)
  eden space 62976K, 0% used [0x00000000eb980000,0x00000000eb980000,0x00000000ef700000)
  from space 7168K, 84% used [0x00000000efe80000,0x00000000f0468fa0,0x00000000f0580000)
  to   space 7680K, 0% used [0x00000000ef700000,0x00000000ef700000,0x00000000efe80000)
 ParOldGen       total 42496K, used 8885K [0x00000000c2c00000, 0x00000000c5580000, 0x00000000eb980000)
  object space 42496K, 20% used [0x00000000c2c00000,0x00000000c34ad708,0x00000000c5580000)
 Metaspace       used 17744K, capacity 18174K, committed 18432K, reserved 1064960K
  class space    used 2141K, capacity 2286K, committed 2304K, reserved 1048576K
}
Event: 2,052 GC heap before
{Heap before GC invocations=7 (full 0):
 PSYoungGen      total 70144K, used 31401K [0x00000000eb980000, 0x00000000f0680000, 0x0000000100000000)
  eden space 62976K, 40% used [0x00000000eb980000,0x00000000ed241470,0x00000000ef700000)
  from space 7168K, 84% used [0x00000000efe80000,0x00000000f0468fa0,0x00000000f0580000)
  to   space 7680K, 0% used [0x00000000ef700000,0x00000000ef700000,0x00000000efe80000)
 ParOldGen       total 42496K, used 8885K [0x00000000c2c00000, 0x00000000c5580000, 0x00000000eb980000)
  object space 42496K, 20% used [0x00000000c2c00000,0x00000000c34ad708,0x00000000c5580000)
 Metaspace       used 20583K, capacity 21120K, committed 21296K, reserved 1069056K
  class space    used 2519K, capacity 2685K, committed 2688K, reserved 1048576K
Event: 2,092 GC heap after
Heap after GC invocations=7 (full 0):
 PSYoungGen      total 70656K, used 7668K [0x00000000eb980000, 0x00000000f4680000, 0x0000000100000000)
  eden space 62976K, 0% used [0x00000000eb980000,0x00000000eb980000,0x00000000ef700000)
  from space 7680K, 99% used [0x00000000ef700000,0x00000000efe7d018,0x00000000efe80000)
  to   space 9216K, 0% used [0x00000000f3d80000,0x00000000f3d80000,0x00000000f4680000)
 ParOldGen       total 42496K, used 9970K [0x00000000c2c00000, 0x00000000c5580000, 0x00000000eb980000)
  object space 42496K, 23% used [0x00000000c2c00000,0x00000000c35bc928,0x00000000c5580000)
 Metaspace       used 20583K, capacity 21120K, committed 21296K, reserved 1069056K
  class space    used 2519K, capacity 2685K, committed 2688K, reserved 1048576K
}
Event: 2,092 GC heap before
{Heap before GC invocations=8 (full 1):
 PSYoungGen      total 70656K, used 7668K [0x00000000eb980000, 0x00000000f4680000, 0x0000000100000000)
  eden space 62976K, 0% used [0x00000000eb980000,0x00000000eb980000,0x00000000ef700000)
  from space 7680K, 99% used [0x00000000ef700000,0x00000000efe7d018,0x00000000efe80000)
  to   space 9216K, 0% used [0x00000000f3d80000,0x00000000f3d80000,0x00000000f4680000)
 ParOldGen       total 42496K, used 9970K [0x00000000c2c00000, 0x00000000c5580000, 0x00000000eb980000)
  object space 42496K, 23% used [0x00000000c2c00000,0x00000000c35bc928,0x00000000c5580000)
 Metaspace       used 20583K, capacity 21120K, committed 21296K, reserved 1069056K
  class space    used 2519K, capacity 2685K, committed 2688K, reserved 1048576K
Event: 2,165 GC heap after
Heap after GC invocations=8 (full 1):
 PSYoungGen      total 70656K, used 0K [0x00000000eb980000, 0x00000000f4680000, 0x0000000100000000)
  eden space 62976K, 0% used [0x00000000eb980000,0x00000000eb980000,0x00000000ef700000)
  from space 7680K, 0% used [0x00000000ef700000,0x00000000ef700000,0x00000000efe80000)
  to   space 9216K, 0% used [0x00000000f3d80000,0x00000000f3d80000,0x00000000f4680000)
 ParOldGen       total 38400K, used 10548K [0x00000000c2c00000, 0x00000000c5180000, 0x00000000eb980000)
  object space 38400K, 27% used [0x00000000c2c00000,0x00000000c364d030,0x00000000c5180000)
 Metaspace       used 20583K, capacity 21120K, committed 21296K, reserved 1069056K
  class space    used 2519K, capacity 2685K, committed 2688K, reserved 1048576K
}
Event: 24,869 GC heap before
{Heap before GC invocations=9 (full 1):
 PSYoungGen      total 70656K, used 62976K [0x00000000eb980000, 0x00000000f4680000, 0x0000000100000000)
  eden space 62976K, 100% used [0x00000000eb980000,0x00000000ef700000,0x00000000ef700000)
  from space 7680K, 0% used [0x00000000ef700000,0x00000000ef700000,0x00000000efe80000)
  to   space 9216K, 0% used [0x00000000f3d80000,0x00000000f3d80000,0x00000000f4680000)
 ParOldGen       total 38400K, used 10548K [0x00000000c2c00000, 0x00000000c5180000, 0x00000000eb980000)
  object space 38400K, 27% used [0x00000000c2c00000,0x00000000c364d030,0x00000000c5180000)
 Metaspace       used 22959K, capacity 23458K, committed 23936K, reserved 1071104K
  class space    used 2695K, capacity 2856K, committed 2944K, reserved 1048576K
Event: 24,879 GC heap after
Heap after GC invocations=9 (full 1):
 PSYoungGen      total 97280K, used 3836K [0x00000000eb980000, 0x00000000f4180000, 0x0000000100000000)
  eden space 93184K, 0% used [0x00000000eb980000,0x00000000eb980000,0x00000000f1480000)
  from space 4096K, 93% used [0x00000000f3d80000,0x00000000f413f1e8,0x00000000f4180000)
  to   space 9216K, 0% used [0x00000000f2f80000,0x00000000f2f80000,0x00000000f3880000)
 ParOldGen       total 38400K, used 10556K [0x00000000c2c00000, 0x00000000c5180000, 0x00000000eb980000)
  object space 38400K, 27% used [0x00000000c2c00000,0x00000000c364f030,0x00000000c5180000)
 Metaspace       used 22959K, capacity 23458K, committed 23936K, reserved 1071104K
  class space    used 2695K, capacity 2856K, committed 2944K, reserved 1048576K
}
Event: 29,694 GC heap before
{Heap before GC invocations=10 (full 1):
 PSYoungGen      total 97280K, used 97020K [0x00000000eb980000, 0x00000000f4180000, 0x0000000100000000)
  eden space 93184K, 100% used [0x00000000eb980000,0x00000000f1480000,0x00000000f1480000)
  from space 4096K, 93% used [0x00000000f3d80000,0x00000000f413f1e8,0x00000000f4180000)
  to   space 9216K, 0% used [0x00000000f2f80000,0x00000000f2f80000,0x00000000f3880000)
 ParOldGen       total 38400K, used 10556K [0x00000000c2c00000, 0x00000000c5180000, 0x00000000eb980000)
  object space 38400K, 27% used [0x00000000c2c00000,0x00000000c364f030,0x00000000c5180000)
 Metaspace       used 23176K, capacity 23650K, committed 23936K, reserved 1071104K
  class space    used 2702K, capacity 2856K, committed 2944K, reserved 1048576K
Event: 29,726 GC heap after
Heap after GC invocations=10 (full 1):
 PSYoungGen      total 119808K, used 2851K [0x00000000eb980000, 0x00000000f3e00000, 0x0000000100000000)
  eden space 116736K, 0% used [0x00000000eb980000,0x00000000eb980000,0x00000000f2b80000)
  from space 3072K, 92% used [0x00000000f2f80000,0x00000000f3248f80,0x00000000f3280000)
  to   space 9216K, 0% used [0x00000000f3500000,0x00000000f3500000,0x00000000f3e00000)
 ParOldGen       total 38400K, used 10564K [0x00000000c2c00000, 0x00000000c5180000, 0x00000000eb980000)
  object space 38400K, 27% used [0x00000000c2c00000,0x00000000c3651030,0x00000000c5180000)
 Metaspace       used 23176K, capacity 23650K, committed 23936K, reserved 1071104K
  class space    used 2702K, capacity 2856K, committed 2944K, reserved 1048576K
}
Event: 37,371 GC heap before
{Heap before GC invocations=11 (full 1):
 PSYoungGen      total 119808K, used 119587K [0x00000000eb980000, 0x00000000f3e00000, 0x0000000100000000)
  eden space 116736K, 100% used [0x00000000eb980000,0x00000000f2b80000,0x00000000f2b80000)
  from space 3072K, 92% used [0x00000000f2f80000,0x00000000f3248f80,0x00000000f3280000)
  to   space 9216K, 0% used [0x00000000f3500000,0x00000000f3500000,0x00000000f3e00000)
 ParOldGen       total 38400K, used 10564K [0x00000000c2c00000, 0x00000000c5180000, 0x00000000eb980000)
  object space 38400K, 27% used [0x00000000c2c00000,0x00000000c3651030,0x00000000c5180000)
 Metaspace       used 23214K, capacity 23714K, committed 24192K, reserved 1071104K
  class space    used 2702K, capacity 2856K, committed 2944K, reserved 1048576K

